<?xml version="1.0" encoding="UTF-8"?>
<!-- Generated by org.testng.reporters.JUnitReportReporter -->
<testsuite hostname="LAPTOP-E74DTKLP" failures="0" tests="1" name="LAOpractice.OpenHrmMangement.AppTest" time="0.009" errors="0" timestamp="2020-07-15T09:59:48 MST" skipped="0">
  <testcase classname="LAOpractice.OpenHrmMangement.AppTest" name="print" time="0.009"/>
  <system-out/>
</testsuite> <!-- LAOpractice.OpenHrmMangement.AppTest -->
