<?xml version="1.0" encoding="UTF-8"?>
<!-- Generated by org.testng.reporters.JUnitReportReporter -->
<testsuite hostname="LAPTOP-E74DTKLP" failures="0" tests="1" name="TestCases.AppTest" time="0.007" errors="0" timestamp="2020-07-15T10:08:14 MST" skipped="0">
  <testcase classname="TestCases.AppTest" name="print" time="0.007"/>
  <system-out/>
</testsuite> <!-- TestCases.AppTest -->
