<?xml version="1.0" encoding="UTF-8"?>
<!-- Generated by org.testng.reporters.JUnitReportReporter -->
<testsuite hostname="LAPTOP-E74DTKLP" failures="0" tests="1" name="TestCases.TestCheckUserRole" time="0.009" errors="0" timestamp="2020-07-15T10:09:37 MST" skipped="0">
  <testcase classname="TestCases.TestCheckUserRole" name="print" time="0.009"/>
  <system-out/>
</testsuite> <!-- TestCases.TestCheckUserRole -->
