<?xml version="1.0" encoding="UTF-8"?>
<!-- Generated by org.testng.reporters.JUnitReportReporter -->
<testsuite hostname="LAPTOP-E74DTKLP" failures="0" tests="1" name="TestCases.TestCheckUserRole" time="0.005" errors="0" timestamp="2020-07-23T19:40:57 MST" skipped="0">
  <testcase classname="TestCases.TestCheckUserRole" name="print" time="0.005"/>
  <system-out/>
</testsuite> <!-- TestCases.TestCheckUserRole -->
